[35m[Appium][39m Welcome to Appium v1.22.3
[35m[Appium][39m Non-default server args:
[35m[Appium][39m   port: 49424
[35m[Appium][39m   loglevel: info
[35m[Appium][39m   tmpDir: /var/folders/19/yqpxy8bs1yq2zhjg432n52m40000gn/T//Katalon/Appium/Temp1694453915031
[35m[Appium][39m   chromedriverPort: 49425
[35m[Appium][39m Deprecated server args:
[35m[Appium][39m   [31m--chromedriver-port[39m => --default-capabilities
[35m[Appium][39m Default capabilities, which will be added to each request unless overridden by desired capabilities:
[35m[Appium][39m   chromedriverPort: 49425
[35m[Appium][39m Appium REST http interface listener started on 0.0.0.0:49424
[35m[HTTP][39m [37m-->[39m [37mGET[39m [37m/wd/hub/status[39m
[35m[HTTP][39m [90m{}[39m
[35m[HTTP][39m [37m<-- GET /wd/hub/status [39m[32m200[39m [90m3 ms - 68[39m
[35m[HTTP][39m [90m[39m
[35m[HTTP][39m [37m-->[39m [37mGET[39m [37m/wd/hub/status[39m
[35m[HTTP][39m [90m{}[39m
[35m[HTTP][39m [37m<-- GET /wd/hub/status [39m[32m200[39m [90m0 ms - 68[39m
[35m[HTTP][39m [90m[39m
[35m[HTTP][39m [37m-->[39m [37mPOST[39m [37m/wd/hub/session[39m
[35m[HTTP][39m [90m{"desiredCapabilities":{"appPackage":"com.android.settings","deviceId":"","deviceName":"samsung SM-A536E (Android 13)","platform":"ANDROID","TestMobileAndroid":"Flutter","appActivity":".Settings","newCommandTimeout":1800,"platformVersion":"13","automationName":"uiautomator2","autoGrantPermissions":true,"platformName":"Android","udid":"R5CT21BH3XR","systemPort":8264},"capabilities":{"firstMatch":[{"TestMobileAndroid":"Flutter","appium:appActivity":".Settings","appium:appPackage":"com.android.settings","appium:autoGrantPermissions":true,"appium:automationName":"uiautomator2","deviceId":"","appium:deviceName":"samsung SM-A536E (Android 13)","appium:newCommandTimeout":1800,"platform":"ANDROID","platformName":"android","appium:platformVersion":"13","appium:systemPort":8264,"appium:udid":"R5CT21BH3XR"}]}}[39m
[35m[BaseDriver][39m The following capabilities are not standard capabilities and should have an extension prefix:
[35m[BaseDriver][39m   TestMobileAndroid
[35m[BaseDriver][39m   deviceId
[35m[BaseDriver][39m   platform
[35m[BaseDriver][39m   chromedriverPort
[35m[Appium][39m Appium v1.22.3 creating new AndroidUiautomator2Driver (v1.70.1) session
[35m[BaseDriver][39m The following capabilities were provided, but are not recognized by Appium:
[35m[BaseDriver][39m   TestMobileAndroid
[35m[BaseDriver][39m   deviceId
[35m[BaseDriver][39m   platform
[35m[BaseDriver][39m Session created with session id: 6ecacecd-ba5d-4522-9c29-076f4546f95a
[35m[UiAutomator2][39m Starting 'com.android.settings' directly on the device
[35m[ADB][39m Found 1 'build-tools' folders under '/Users/abdullahgita/.katalon/tools/android_sdk' (newest first):
[35m[ADB][39m     /Users/abdullahgita/.katalon/tools/android_sdk/build-tools/29.0.3
[35m[ADB][39m Using 'adb' from '/Users/abdullahgita/.katalon/tools/android_sdk/platform-tools/adb'
[35m[AndroidDriver][39m Retrieving device list
[35m[AndroidDriver][39m Using device: R5CT21BH3XR
[35m[ADB][39m Using 'adb' from '/Users/abdullahgita/.katalon/tools/android_sdk/platform-tools/adb'
[35m[ADB][39m Getting device platform version
[35m[UiAutomator2][39m Relaxing hidden api policy
[35m[AndroidDriver][39m No app sent in, not parsing package/activity
[35m[UiAutomator2][39m Server package at '/opt/homebrew/lib/node_modules/appium/node_modules/appium-uiautomator2-server/apks/appium-uiautomator2-server-v4.27.0.apk' is not writeable. Will copy it into the temporary location at '/var/folders/19/yqpxy8bs1yq2zhjg432n52m40000gn/T/Katalon/Appium/Temp1694453915031/2023811-9616-14hpp6.m1osyh' as a workaround. Consider making this file writeable manually in order to improve the performance of session startup.
[35m[UiAutomator2][39m Server package at '/opt/homebrew/lib/node_modules/appium/node_modules/appium-uiautomator2-server/apks/appium-uiautomator2-server-debug-androidTest.apk' is not writeable. Will copy it into the temporary location at '/var/folders/19/yqpxy8bs1yq2zhjg432n52m40000gn/T/Katalon/Appium/Temp1694453915031/2023811-9616-14hpp6.m1osyh' as a workaround. Consider making this file writeable manually in order to improve the performance of session startup.
[35m[ADB][39m Using 'apksigner.jar' from '/Users/abdullahgita/.katalon/tools/android_sdk/build-tools/29.0.3/lib/apksigner.jar'
[35m[ADB][39m '/var/folders/19/yqpxy8bs1yq2zhjg432n52m40000gn/T/Katalon/Appium/Temp1694453915031/2023811-9616-14hpp6.m1osyh/appium-uiautomator2-server-v4.27.0.apk' is signed with the default certificate
[35m[ADB][39m '/var/folders/19/yqpxy8bs1yq2zhjg432n52m40000gn/T/Katalon/Appium/Temp1694453915031/2023811-9616-14hpp6.m1osyh/appium-uiautomator2-server-debug-androidTest.apk' is signed with the default certificate
[35m[UiAutomator2][39m Server packages are not going to be (re)installed
[35m[ADB][39m Adding packages ["io.appium.settings","io.appium.uiautomator2.server","io.appium.uiautomator2.server.test"] to Doze whitelist
[35m[UiAutomator2][39m Starting UIAutomator2 server 4.27.0
[35m[UiAutomator2][39m Using UIAutomator2 server from '/opt/homebrew/lib/node_modules/appium/node_modules/appium-uiautomator2-server/apks/appium-uiautomator2-server-v4.27.0.apk' and test from '/opt/homebrew/lib/node_modules/appium/node_modules/appium-uiautomator2-server/apks/appium-uiautomator2-server-debug-androidTest.apk'
[35m[UiAutomator2][39m Waiting up to 30000ms for UiAutomator2 to be online...
[35m[WD Proxy][39m socket hang up
[35m[WD Proxy][39m socket hang up
[35m[WD Proxy][39m Determined the downstream protocol as 'W3C'
[35m[AndroidDriver][39m Screen already unlocked, doing nothing
[35m[UiAutomator2][39m Starting 'com.android.settings/.Settings and waiting for 'com.android.settings/.Settings'
[35m[Appium][39m New AndroidUiautomator2Driver session created successfully, session 6ecacecd-ba5d-4522-9c29-076f4546f95a added to master session list
[35m[HTTP][39m [37m<-- POST /wd/hub/session [39m[32m200[39m [90m8555 ms - 1242[39m
[35m[HTTP][39m [90m[39m
[35m[HTTP][39m [37m-->[39m [37mGET[39m [37m/wd/hub/session/6ecacecd-ba5d-4522-9c29-076f4546f95a[39m
[35m[HTTP][39m [90m{}[39m
[35m[HTTP][39m [37m<-- GET /wd/hub/session/6ecacecd-ba5d-4522-9c29-076f4546f95a [39m[32m200[39m [90m72 ms - 1196[39m
[35m[HTTP][39m [90m[39m
[35m[HTTP][39m [37m-->[39m [37mGET[39m [37m/wd/hub/session/6ecacecd-ba5d-4522-9c29-076f4546f95a[39m
[35m[HTTP][39m [90m{}[39m
[35m[HTTP][39m [37m<-- GET /wd/hub/session/6ecacecd-ba5d-4522-9c29-076f4546f95a [39m[32m200[39m [90m18 ms - 1196[39m
[35m[HTTP][39m [90m[39m
[35m[HTTP][39m [37m-->[39m [37mGET[39m [37m/wd/hub/status[39m
[35m[HTTP][39m [90m{}[39m
[35m[HTTP][39m [37m<-- GET /wd/hub/status [39m[32m200[39m [90m0 ms - 68[39m
[35m[HTTP][39m [90m[39m
[35m[HTTP][39m [37m-->[39m [37mPOST[39m [37m/wd/hub/session/6ecacecd-ba5d-4522-9c29-076f4546f95a/timeouts[39m
[35m[HTTP][39m [90m{"implicit":60000}[39m
[35m[HTTP][39m [37m<-- POST /wd/hub/session/6ecacecd-ba5d-4522-9c29-076f4546f95a/timeouts [39m[32m200[39m [90m1 ms - 14[39m
[35m[HTTP][39m [90m[39m
[35m[HTTP][39m [37m-->[39m [37mGET[39m [37m/wd/hub/session/6ecacecd-ba5d-4522-9c29-076f4546f95a/screenshot[39m
[35m[HTTP][39m [90m{}[39m
[35m[HTTP][39m [37m<-- GET /wd/hub/session/6ecacecd-ba5d-4522-9c29-076f4546f95a/screenshot [39m[32m200[39m [90m1375 ms - 246718[39m
[35m[HTTP][39m [90m[39m
[35m[HTTP][39m [37m-->[39m [37mGET[39m [37m/wd/hub/session/6ecacecd-ba5d-4522-9c29-076f4546f95a/window/rect[39m
[35m[HTTP][39m [90m{}[39m
[35m[HTTP][39m [37m<-- GET /wd/hub/session/6ecacecd-ba5d-4522-9c29-076f4546f95a/window/rect [39m[32m200[39m [90m15 ms - 50[39m
[35m[HTTP][39m [90m[39m
[35m[HTTP][39m [37m-->[39m [37mGET[39m [37m/wd/hub/session/6ecacecd-ba5d-4522-9c29-076f4546f95a/appium/device/system_bars[39m
[35m[HTTP][39m [90m{}[39m
[35m[HTTP][39m [37m<-- GET /wd/hub/session/6ecacecd-ba5d-4522-9c29-076f4546f95a/appium/device/system_bars [39m[32m200[39m [90m87 ms - 145[39m
[35m[HTTP][39m [90m[39m
[35m[HTTP][39m [37m-->[39m [37mPOST[39m [37m/wd/hub/session/6ecacecd-ba5d-4522-9c29-076f4546f95a/appium/device/activate_app[39m
[35m[HTTP][39m [90m{"bundleId":"global.blink.phwhgestapp"}[39m
[35m[HTTP][39m [37m<-- POST /wd/hub/session/6ecacecd-ba5d-4522-9c29-076f4546f95a/appium/device/activate_app [39m[32m200[39m [90m1142 ms - 14[39m
[35m[HTTP][39m [90m[39m
[35m[HTTP][39m [37m-->[39m [37mGET[39m [37m/wd/hub/session/6ecacecd-ba5d-4522-9c29-076f4546f95a/source[39m
[35m[HTTP][39m [90m{}[39m
[35m[W3C (6ecacecd)][39m Driver proxy active, passing request on via HTTP proxy
[35m[WD Proxy][39m Replacing sessionId 488e133c-ca9a-4977-a6d1-289c90e456f8 with 6ecacecd-ba5d-4522-9c29-076f4546f95a
[35m[HTTP][39m [37m<-- GET /wd/hub/session/6ecacecd-ba5d-4522-9c29-076f4546f95a/source [39m[32m200[39m [90m1192 ms - 20345[39m
[35m[HTTP][39m [90m[39m
[35m[HTTP][39m [37m-->[39m [37mGET[39m [37m/wd/hub/session/6ecacecd-ba5d-4522-9c29-076f4546f95a/screenshot[39m
[35m[HTTP][39m [90m{}[39m
[35m[HTTP][39m [37m<-- GET /wd/hub/session/6ecacecd-ba5d-4522-9c29-076f4546f95a/screenshot [39m[32m200[39m [90m421 ms - 240192[39m
[35m[HTTP][39m [90m[39m
[35m[HTTP][39m [37m-->[39m [37mGET[39m [37m/wd/hub/session/6ecacecd-ba5d-4522-9c29-076f4546f95a/source[39m
[35m[HTTP][39m [90m{}[39m
[35m[W3C (6ecacecd)][39m Driver proxy active, passing request on via HTTP proxy
[35m[WD Proxy][39m Replacing sessionId 488e133c-ca9a-4977-a6d1-289c90e456f8 with 6ecacecd-ba5d-4522-9c29-076f4546f95a
[35m[HTTP][39m [37m<-- GET /wd/hub/session/6ecacecd-ba5d-4522-9c29-076f4546f95a/source [39m[32m200[39m [90m76 ms - 20345[39m
[35m[HTTP][39m [90m[39m
[35m[HTTP][39m [37m-->[39m [37mGET[39m [37m/wd/hub/session/6ecacecd-ba5d-4522-9c29-076f4546f95a/screenshot[39m
[35m[HTTP][39m [90m{}[39m
[35m[HTTP][39m [37m<-- GET /wd/hub/session/6ecacecd-ba5d-4522-9c29-076f4546f95a/screenshot [39m[32m200[39m [90m409 ms - 241340[39m
[35m[HTTP][39m [90m[39m
[35m[HTTP][39m [37m-->[39m [37mPOST[39m [37m/wd/hub/session/6ecacecd-ba5d-4522-9c29-076f4546f95a/elements[39m
[35m[HTTP][39m [90m{"using":"xpath","value":"//*[@class = 'android.view.View' and @resource-id = '' and (@text = '' or . = '')]"}[39m
[35m[HTTP][39m [37m<-- POST /wd/hub/session/6ecacecd-ba5d-4522-9c29-076f4546f95a/elements [39m[32m200[39m [90m203 ms - 3083[39m
[35m[HTTP][39m [90m[39m
[35m[HTTP][39m [37m-->[39m [37mPOST[39m [37m/wd/hub/session/6ecacecd-ba5d-4522-9c29-076f4546f95a/elements[39m
[35m[HTTP][39m [90m{"using":"accessibility id","value":"ActivityModel1, ActivityModel\nAct-1\nActivity Subtitle\n09:10 - 23:50"}[39m
[35m[HTTP][39m [37m<-- POST /wd/hub/session/6ecacecd-ba5d-4522-9c29-076f4546f95a/elements [39m[32m200[39m [90m30 ms - 139[39m
[35m[HTTP][39m [90m[39m
[35m[HTTP][39m [37m-->[39m [37mPOST[39m [37m/wd/hub/session/6ecacecd-ba5d-4522-9c29-076f4546f95a/timeouts[39m
[35m[HTTP][39m [90m{"implicit":1000}[39m
[35m[HTTP][39m [37m<-- POST /wd/hub/session/6ecacecd-ba5d-4522-9c29-076f4546f95a/timeouts [39m[32m200[39m [90m1 ms - 14[39m
[35m[HTTP][39m [90m[39m
[35m[HTTP][39m [37m-->[39m [37mPOST[39m [37m/wd/hub/session/6ecacecd-ba5d-4522-9c29-076f4546f95a/elements[39m
[35m[HTTP][39m [90m{"using":"accessibility id","value":"ActivityModel1, ActivityModel\nAct-1\nActivity Subtitle\n09:10 - 23:50"}[39m
[35m[HTTP][39m [37m<-- POST /wd/hub/session/6ecacecd-ba5d-4522-9c29-076f4546f95a/elements [39m[32m200[39m [90m40 ms - 139[39m
[35m[HTTP][39m [90m[39m
[35m[HTTP][39m [37m-->[39m [37mGET[39m [37m/wd/hub/session/6ecacecd-ba5d-4522-9c29-076f4546f95a/element/00000000-0000-022b-0000-101800000005/location[39m
[35m[HTTP][39m [90m{}[39m
[35m[W3C (6ecacecd)][39m Driver proxy active, passing request on via HTTP proxy
[35m[WD Proxy][39m Replacing sessionId 488e133c-ca9a-4977-a6d1-289c90e456f8 with 6ecacecd-ba5d-4522-9c29-076f4546f95a
[35m[HTTP][39m [37m<-- GET /wd/hub/session/6ecacecd-ba5d-4522-9c29-076f4546f95a/element/00000000-0000-022b-0000-101800000005/location [39m[32m200[39m [90m25 ms - 77[39m
[35m[HTTP][39m [90m[39m
[35m[HTTP][39m [37m-->[39m [37mGET[39m [37m/wd/hub/session/6ecacecd-ba5d-4522-9c29-076f4546f95a/element/00000000-0000-022b-0000-101800000005/size[39m
[35m[HTTP][39m [90m{}[39m
[35m[W3C (6ecacecd)][39m Driver proxy active, passing request on via HTTP proxy
[35m[WD Proxy][39m Replacing sessionId 488e133c-ca9a-4977-a6d1-289c90e456f8 with 6ecacecd-ba5d-4522-9c29-076f4546f95a
[35m[HTTP][39m [37m<-- GET /wd/hub/session/6ecacecd-ba5d-4522-9c29-076f4546f95a/element/00000000-0000-022b-0000-101800000005/size [39m[32m200[39m [90m24 ms - 87[39m
[35m[HTTP][39m [90m[39m
[35m[HTTP][39m [37m-->[39m [37mPOST[39m [37m/wd/hub/session/6ecacecd-ba5d-4522-9c29-076f4546f95a/elements[39m
[35m[HTTP][39m [90m{"using":"xpath","value":"//*[@class = 'android.view.View' and @resource-id = '' and (@text = '' or . = '')]"}[39m
[35m[HTTP][39m [37m<-- POST /wd/hub/session/6ecacecd-ba5d-4522-9c29-076f4546f95a/elements [39m[32m200[39m [90m96 ms - 3083[39m
[35m[HTTP][39m [90m[39m
[35m[HTTP][39m [37m-->[39m [37mPOST[39m [37m/wd/hub/session/6ecacecd-ba5d-4522-9c29-076f4546f95a/elements[39m
[35m[HTTP][39m [90m{"using":"accessibility id","value":"UserSessionModel1, UserSessionModel\nSession-1U\nSession-Subtitle-1-1111\n09:20 - 23:59"}[39m
[35m[HTTP][39m [37m<-- POST /wd/hub/session/6ecacecd-ba5d-4522-9c29-076f4546f95a/elements [39m[32m200[39m [90m30 ms - 139[39m
[35m[HTTP][39m [90m[39m
[35m[HTTP][39m [37m-->[39m [37mPOST[39m [37m/wd/hub/session/6ecacecd-ba5d-4522-9c29-076f4546f95a/timeouts[39m
[35m[HTTP][39m [90m{"implicit":1000}[39m
[35m[HTTP][39m [37m<-- POST /wd/hub/session/6ecacecd-ba5d-4522-9c29-076f4546f95a/timeouts [39m[32m200[39m [90m1 ms - 14[39m
[35m[HTTP][39m [90m[39m
[35m[HTTP][39m [37m-->[39m [37mPOST[39m [37m/wd/hub/session/6ecacecd-ba5d-4522-9c29-076f4546f95a/elements[39m
[35m[HTTP][39m [90m{"using":"accessibility id","value":"UserSessionModel1, UserSessionModel\nSession-1U\nSession-Subtitle-1-1111\n09:20 - 23:59"}[39m
[35m[HTTP][39m [37m<-- POST /wd/hub/session/6ecacecd-ba5d-4522-9c29-076f4546f95a/elements [39m[32m200[39m [90m39 ms - 139[39m
[35m[HTTP][39m [90m[39m
[35m[HTTP][39m [37m-->[39m [37mGET[39m [37m/wd/hub/session/6ecacecd-ba5d-4522-9c29-076f4546f95a/element/00000000-0000-022b-0000-101b00000005/location[39m
[35m[HTTP][39m [90m{}[39m
[35m[W3C (6ecacecd)][39m Driver proxy active, passing request on via HTTP proxy
[35m[WD Proxy][39m Replacing sessionId 488e133c-ca9a-4977-a6d1-289c90e456f8 with 6ecacecd-ba5d-4522-9c29-076f4546f95a
[35m[HTTP][39m [37m<-- GET /wd/hub/session/6ecacecd-ba5d-4522-9c29-076f4546f95a/element/00000000-0000-022b-0000-101b00000005/location [39m[32m200[39m [90m31 ms - 78[39m
[35m[HTTP][39m [90m[39m
[35m[HTTP][39m [37m-->[39m [37mGET[39m [37m/wd/hub/session/6ecacecd-ba5d-4522-9c29-076f4546f95a/element/00000000-0000-022b-0000-101b00000005/size[39m
[35m[HTTP][39m [90m{}[39m
[35m[W3C (6ecacecd)][39m Driver proxy active, passing request on via HTTP proxy
[35m[WD Proxy][39m Replacing sessionId 488e133c-ca9a-4977-a6d1-289c90e456f8 with 6ecacecd-ba5d-4522-9c29-076f4546f95a
[35m[HTTP][39m [37m<-- GET /wd/hub/session/6ecacecd-ba5d-4522-9c29-076f4546f95a/element/00000000-0000-022b-0000-101b00000005/size [39m[32m200[39m [90m27 ms - 87[39m
[35m[HTTP][39m [90m[39m
[35m[HTTP][39m [37m-->[39m [37mDELETE[39m [37m/wd/hub/session/6ecacecd-ba5d-4522-9c29-076f4546f95a[39m
[35m[HTTP][39m [90m{}[39m
[35m[Appium][39m Removing session 6ecacecd-ba5d-4522-9c29-076f4546f95a from our master session list
[35m[UiAutomator2][39m Restoring hidden api policy to the device default configuration
[35m[HTTP][39m [37m<-- DELETE /wd/hub/session/6ecacecd-ba5d-4522-9c29-076f4546f95a [39m[32m200[39m [90m585 ms - 14[39m
[35m[HTTP][39m [90m[39m
